<?xml version="1.0" encoding="UTF-8"?>
<!-- Generated by org.testng.reporters.JUnitXMLReporter -->
<testsuite hostname="A-MSDT001.local" ignored="5" name="Default test" tests="3" failures="1" timestamp="2020-01-25T05:19:19 IST" time="7.823" errors="0">
  <testcase name="claspSplashScreen" time="6.885" classname="testcasesClasp.homeCases"/>
  <testcase name="clickNextWithoutPhoneNumber" time="0.104" classname="testcasesClasp.phoneNumberClass">
    <failure type="org.openqa.selenium.NoSuchElementException" message="An element could not be located on the page using the given search parameters.
For documentation on this error, please visit: https://www.seleniumhq.org/exceptions/no_such_element.html
Build info: version: &amp;apos;3.141.59&amp;apos;, revision: &amp;apos;e82be7d358&amp;apos;, time: &amp;apos;2018-11-14T08:25:48&amp;apos;
System info: host: &amp;apos;A-MSDT001.local&amp;apos;, ip: &amp;apos;fe80:0:0:0:1cd6:e771:9cb3:444f%en0&amp;apos;, os.name: &amp;apos;Mac OS X&amp;apos;, os.arch: &amp;apos;x86_64&amp;apos;, os.version: &amp;apos;10.15.1&amp;apos;, java.version: &amp;apos;1.8.0_231&amp;apos;
Driver info: io.appium.java_client.ios.IOSDriver
Capabilities {app: /Users/rohitkumar/eclipse-w..., automationName: XCuiTest, browserName: , databaseEnabled: false, deviceName: iPhone 11 Pro Max, javascriptEnabled: true, locationContextEnabled: false, networkConnectionEnabled: false, platform: MAC, platformName: iOS, platformVersion: 13.2, takesScreenshot: true, udid: E79776CC-6A6A-4D44-AEF8-AD5..., webStorageEnabled: false}
Session ID: 403f943b-4e3a-4c81-bc63-41a4b36a722f
*** Element info: {Using=name, value=Next}">
      <![CDATA[org.openqa.selenium.NoSuchElementException: An element could not be located on the page using the given search parameters.
For documentation on this error, please visit: https://www.seleniumhq.org/exceptions/no_such_element.html
Build info: version: '3.141.59', revision: 'e82be7d358', time: '2018-11-14T08:25:48'
System info: host: 'A-MSDT001.local', ip: 'fe80:0:0:0:1cd6:e771:9cb3:444f%en0', os.name: 'Mac OS X', os.arch: 'x86_64', os.version: '10.15.1', java.version: '1.8.0_231'
Driver info: io.appium.java_client.ios.IOSDriver
Capabilities {app: /Users/rohitkumar/eclipse-w..., automationName: XCuiTest, browserName: , databaseEnabled: false, deviceName: iPhone 11 Pro Max, javascriptEnabled: true, locationContextEnabled: false, networkConnectionEnabled: false, platform: MAC, platformName: iOS, platformVersion: 13.2, takesScreenshot: true, udid: E79776CC-6A6A-4D44-AEF8-AD5..., webStorageEnabled: false}
Session ID: 403f943b-4e3a-4c81-bc63-41a4b36a722f
*** Element info: {Using=name, value=Next}
at sun.reflect.NativeConstructorAccessorImpl.newInstance0(Native Method)
at sun.reflect.NativeConstructorAccessorImpl.newInstance(NativeConstructorAccessorImpl.java:62)
at sun.reflect.DelegatingConstructorAccessorImpl.newInstance(DelegatingConstructorAccessorImpl.java:45)
at java.lang.reflect.Constructor.newInstance(Constructor.java:423)
at org.openqa.selenium.remote.http.W3CHttpResponseCodec.createException(W3CHttpResponseCodec.java:187)
at org.openqa.selenium.remote.http.W3CHttpResponseCodec.decode(W3CHttpResponseCodec.java:122)
at org.openqa.selenium.remote.http.W3CHttpResponseCodec.decode(W3CHttpResponseCodec.java:49)
at org.openqa.selenium.remote.HttpCommandExecutor.execute(HttpCommandExecutor.java:158)
at io.appium.java_client.remote.AppiumCommandExecutor.execute(AppiumCommandExecutor.java:239)
at org.openqa.selenium.remote.RemoteWebDriver.execute(RemoteWebDriver.java:552)
at io.appium.java_client.DefaultGenericMobileDriver.execute(DefaultGenericMobileDriver.java:41)
at io.appium.java_client.AppiumDriver.execute(AppiumDriver.java:1)
at io.appium.java_client.ios.IOSDriver.execute(IOSDriver.java:1)
at org.openqa.selenium.remote.RemoteWebDriver.findElement(RemoteWebDriver.java:323)
at io.appium.java_client.DefaultGenericMobileDriver.findElement(DefaultGenericMobileDriver.java:61)
at io.appium.java_client.AppiumDriver.findElement(AppiumDriver.java:1)
at io.appium.java_client.ios.IOSDriver.findElement(IOSDriver.java:1)
at org.openqa.selenium.remote.RemoteWebDriver.findElementByName(RemoteWebDriver.java:404)
at io.appium.java_client.DefaultGenericMobileDriver.findElementByName(DefaultGenericMobileDriver.java:117)
at io.appium.java_client.AppiumDriver.findElementByName(AppiumDriver.java:1)
at io.appium.java_client.ios.IOSDriver.findElementByName(IOSDriver.java:1)
at utilityClasp.utility.findElementByName(utility.java:45)
at pageClasp.phoneNumber.submitEmptyForm(phoneNumber.java:10)
at testcasesClasp.phoneNumberClass.clickNextWithoutPhoneNumber(phoneNumberClass.java:12)
at sun.reflect.NativeMethodAccessorImpl.invoke0(Native Method)
at sun.reflect.NativeMethodAccessorImpl.invoke(NativeMethodAccessorImpl.java:62)
at sun.reflect.DelegatingMethodAccessorImpl.invoke(DelegatingMethodAccessorImpl.java:43)
at java.lang.reflect.Method.invoke(Method.java:498)
at org.testng.internal.MethodInvocationHelper.invokeMethod(MethodInvocationHelper.java:133)
at org.testng.internal.TestInvoker.invokeMethod(TestInvoker.java:584)
at org.testng.internal.TestInvoker.invokeTestMethod(TestInvoker.java:172)
at org.testng.internal.MethodRunner.runInSequence(MethodRunner.java:46)
at org.testng.internal.TestInvoker$MethodInvocationAgent.invoke(TestInvoker.java:804)
at org.testng.internal.TestInvoker.invokeTestMethods(TestInvoker.java:145)
at org.testng.internal.TestMethodWorker.invokeTestMethods(TestMethodWorker.java:146)
at org.testng.internal.TestMethodWorker.run(TestMethodWorker.java:128)
at java.util.ArrayList.forEach(ArrayList.java:1257)
at org.testng.TestRunner.privateRun(TestRunner.java:770)
at org.testng.TestRunner.run(TestRunner.java:591)
at org.testng.SuiteRunner.runTest(SuiteRunner.java:402)
at org.testng.SuiteRunner.runSequentially(SuiteRunner.java:396)
at org.testng.SuiteRunner.privateRun(SuiteRunner.java:355)
at org.testng.SuiteRunner.run(SuiteRunner.java:304)
at org.testng.SuiteRunnerWorker.runSuite(SuiteRunnerWorker.java:53)
at org.testng.SuiteRunnerWorker.run(SuiteRunnerWorker.java:96)
at org.testng.TestNG.runSuitesSequentially(TestNG.java:1180)
at org.testng.TestNG.runSuitesLocally(TestNG.java:1102)
at org.testng.TestNG.runSuites(TestNG.java:1032)
at org.testng.TestNG.run(TestNG.java:1000)
at org.testng.remote.AbstractRemoteTestNG.run(AbstractRemoteTestNG.java:115)
at org.testng.remote.RemoteTestNG.initAndRun(RemoteTestNG.java:251)
at org.testng.remote.RemoteTestNG.main(RemoteTestNG.java:77)
]]>
    </failure>
  </testcase> <!-- clickNextWithoutPhoneNumber -->
  <testcase name="clickGetStattedButton" time="0.793" classname="testcasesClasp.homeCases"/>
  <testcase name="@BeforeSuite setConnectionClasp" time="0.0" classname="configData.connectionClasp">
    <ignored/>
  </testcase> <!-- @BeforeSuite setConnectionClasp -->
  <testcase name="@BeforeSuite setConnectionClasp" time="0.0" classname="configData.connectionClasp">
    <ignored/>
  </testcase> <!-- @BeforeSuite setConnectionClasp -->
  <testcase name="@BeforeSuite setConnectionClasp" time="0.0" classname="configData.connectionClasp">
    <ignored/>
  </testcase> <!-- @BeforeSuite setConnectionClasp -->
  <testcase name="@BeforeSuite setConnectionClasp" time="0.0" classname="configData.connectionClasp">
    <ignored/>
  </testcase> <!-- @BeforeSuite setConnectionClasp -->
  <testcase name="@BeforeSuite setConnectionClasp" time="0.0" classname="configData.connectionClasp">
    <ignored/>
  </testcase> <!-- @BeforeSuite setConnectionClasp -->
</testsuite> <!-- Default test -->
